

Microchip Technology PIC LITE Macro Assembler V1.40 build -251452761 
                                                                                               Tue Dec 20 01:28:16 2016

Microchip Technology Omniscient Code Generator v1.40 (Free mode) build 201612010151
     1                           	processor	16F18855
     2                           	opt	pw 120
     3                           	opt	lm
     4                           	psect	cinit,global,class=CODE,merge=1,delta=2
     5                           	psect	cstackCOMMON,global,class=COMMON,space=1,delta=1
     6                           	psect	maintext,global,class=CODE,merge=1,split=1,delta=2
     7                           	psect	text1,local,class=CODE,merge=1,delta=2
     8                           	psect	text2,local,class=CODE,merge=1,delta=2
     9                           	psect	text3,local,class=CODE,merge=1,delta=2
    10                           	dabs	1,0x7E,2
    11  0000                     
    12                           ; Version 1.40
    13                           ; Generated 01/12/2016 GMT
    14                           ; 
    15                           ; Copyright © 2016, Microchip Technology Inc. and its subsidiaries ("Microchip")
    16                           ; All rights reserved.
    17                           ; 
    18                           ; This software is developed by Microchip Technology Inc. and its subsidiaries ("Microch
      +                          ip").
    19                           ; 
    20                           ; Redistribution and use in source and binary forms, with or without modification, are
    21                           ; permitted provided that the following conditions are met:
    22                           ; 
    23                           ;     1. Redistributions of source code must retain the above copyright notice, this lis
      +                          t of
    24                           ;        conditions and the following disclaimer.
    25                           ; 
    26                           ;     2. Redistributions in binary form must reproduce the above copyright notice, this 
      +                          list
    27                           ;        of conditions and the following disclaimer in the documentation and/or other
    28                           ;        materials provided with the distribution.
    29                           ; 
    30                           ;     3. Microchip's name may not be used to endorse or promote products derived from th
      +                          is
    31                           ;        software without specific prior written permission.
    32                           ; 
    33                           ; THIS SOFTWARE IS PROVIDED BY MICROCHIP "AS IS" AND ANY EXPRESS OR IMPLIED WARRANTIES,
    34                           ; INCLUDING, BUT NOT LIMITED TO, THE IMPLIED WARRANTIES OF MERCHANTABILITY AND FITNESS F
      +                          OR
    35                           ; PURPOSE ARE DISCLAIMED.  IN NO EVENT SHALL MICROCHIP BE LIABLE FOR ANY DIRECT, INDIREC
      +                          T,
    36                           ; INCIDENTAL, SPECIAL, EXEMPLARY, OR CONSEQUENTIAL DAMAGES (INCLUDING BUT NOT LIMITED TO
    37                           ; PROCUREMENT OF SUBSTITUTE GOODS OR SERVICES; LOSS OF USE, DATA OR PROFITS; OR BUSINESS
    38                           ; INTERRUPTION) HOWSOEVER CAUSED AND ON ANY THEORY OF LIABILITY, WHETHER IN CONTRACT, ST
      +                          RICT
    39                           ; LIABILITY, OR TORT (INCLUDING NEGLIGENCE OR OTHERWISE) ARISING IN ANY WAY OUT OF THE U
      +                          SE OF
    40                           ; THIS SOFTWARE, EVEN IF ADVISED OF THE POSSIBILITY OF SUCH DAMAGE.
    41                           ; 
    42                           ; 
    43                           ; Code-generator required, PIC16F18855 Definitions
    44                           ; 
    45                           ; SFR Addresses
    46  0000                     	;# 
    47  0001                     	;# 
    48  0002                     	;# 
    49  0003                     	;# 
    50  0004                     	;# 
    51  0005                     	;# 
    52  0006                     	;# 
    53  0007                     	;# 
    54  0008                     	;# 
    55  0009                     	;# 
    56  000A                     	;# 
    57  000B                     	;# 
    58  000C                     	;# 
    59  000D                     	;# 
    60  000E                     	;# 
    61  0010                     	;# 
    62  0011                     	;# 
    63  0012                     	;# 
    64  0013                     	;# 
    65  0016                     	;# 
    66  0017                     	;# 
    67  0018                     	;# 
    68  001C                     	;# 
    69  001C                     	;# 
    70  001D                     	;# 
    71  001D                     	;# 
    72  001E                     	;# 
    73  001F                     	;# 
    74  008C                     	;# 
    75  008C                     	;# 
    76  008D                     	;# 
    77  008E                     	;# 
    78  008E                     	;# 
    79  008F                     	;# 
    80  0090                     	;# 
    81  0090                     	;# 
    82  0091                     	;# 
    83  0093                     	;# 
    84  0094                     	;# 
    85  0095                     	;# 
    86  0096                     	;# 
    87  0097                     	;# 
    88  0098                     	;# 
    89  0099                     	;# 
    90  009A                     	;# 
    91  009B                     	;# 
    92  009C                     	;# 
    93  009D                     	;# 
    94  009E                     	;# 
    95  010C                     	;# 
    96  010D                     	;# 
    97  010E                     	;# 
    98  010E                     	;# 
    99  010F                     	;# 
   100  0110                     	;# 
   101  0110                     	;# 
   102  0111                     	;# 
   103  0112                     	;# 
   104  0112                     	;# 
   105  0113                     	;# 
   106  0114                     	;# 
   107  0114                     	;# 
   108  0115                     	;# 
   109  0116                     	;# 
   110  0116                     	;# 
   111  0117                     	;# 
   112  0119                     	;# 
   113  0119                     	;# 
   114  0119                     	;# 
   115  011A                     	;# 
   116  011A                     	;# 
   117  011A                     	;# 
   118  011B                     	;# 
   119  011B                     	;# 
   120  011B                     	;# 
   121  011B                     	;# 
   122  011B                     	;# 
   123  011C                     	;# 
   124  011C                     	;# 
   125  011C                     	;# 
   126  011D                     	;# 
   127  011D                     	;# 
   128  011D                     	;# 
   129  011E                     	;# 
   130  011E                     	;# 
   131  011E                     	;# 
   132  011F                     	;# 
   133  011F                     	;# 
   134  011F                     	;# 
   135  011F                     	;# 
   136  011F                     	;# 
   137  018C                     	;# 
   138  018D                     	;# 
   139  018E                     	;# 
   140  018F                     	;# 
   141  0190                     	;# 
   142  0191                     	;# 
   143  0192                     	;# 
   144  0196                     	;# 
   145  0197                     	;# 
   146  0198                     	;# 
   147  0199                     	;# 
   148  019A                     	;# 
   149  019B                     	;# 
   150  019C                     	;# 
   151  020C                     	;# 
   152  020C                     	;# 
   153  020D                     	;# 
   154  020E                     	;# 
   155  020F                     	;# 
   156  020F                     	;# 
   157  0210                     	;# 
   158  0210                     	;# 
   159  0211                     	;# 
   160  0211                     	;# 
   161  0212                     	;# 
   162  0212                     	;# 
   163  0213                     	;# 
   164  0214                     	;# 
   165  0215                     	;# 
   166  0215                     	;# 
   167  0216                     	;# 
   168  0216                     	;# 
   169  0217                     	;# 
   170  0217                     	;# 
   171  0218                     	;# 
   172  0218                     	;# 
   173  0219                     	;# 
   174  021A                     	;# 
   175  021B                     	;# 
   176  021B                     	;# 
   177  021C                     	;# 
   178  021C                     	;# 
   179  021D                     	;# 
   180  021D                     	;# 
   181  021E                     	;# 
   182  021F                     	;# 
   183  028C                     	;# 
   184  028C                     	;# 
   185  028D                     	;# 
   186  028D                     	;# 
   187  028E                     	;# 
   188  028F                     	;# 
   189  0290                     	;# 
   190  0290                     	;# 
   191  0291                     	;# 
   192  0292                     	;# 
   193  0292                     	;# 
   194  0293                     	;# 
   195  0293                     	;# 
   196  0294                     	;# 
   197  0295                     	;# 
   198  0296                     	;# 
   199  0296                     	;# 
   200  0297                     	;# 
   201  0298                     	;# 
   202  0298                     	;# 
   203  0299                     	;# 
   204  0299                     	;# 
   205  029A                     	;# 
   206  029B                     	;# 
   207  029C                     	;# 
   208  029C                     	;# 
   209  029D                     	;# 
   210  030C                     	;# 
   211  030C                     	;# 
   212  030D                     	;# 
   213  030E                     	;# 
   214  030F                     	;# 
   215  0310                     	;# 
   216  0310                     	;# 
   217  0311                     	;# 
   218  0312                     	;# 
   219  0313                     	;# 
   220  0314                     	;# 
   221  0314                     	;# 
   222  0315                     	;# 
   223  0316                     	;# 
   224  0317                     	;# 
   225  0318                     	;# 
   226  0318                     	;# 
   227  0319                     	;# 
   228  031A                     	;# 
   229  031B                     	;# 
   230  031C                     	;# 
   231  031C                     	;# 
   232  031D                     	;# 
   233  031E                     	;# 
   234  031F                     	;# 
   235  038C                     	;# 
   236  038D                     	;# 
   237  038E                     	;# 
   238  0390                     	;# 
   239  0391                     	;# 
   240  0392                     	;# 
   241  040C                     	;# 
   242  040D                     	;# 
   243  040E                     	;# 
   244  040F                     	;# 
   245  0410                     	;# 
   246  0411                     	;# 
   247  0416                     	;# 
   248  0416                     	;# 
   249  0417                     	;# 
   250  0418                     	;# 
   251  0418                     	;# 
   252  0419                     	;# 
   253  041A                     	;# 
   254  041A                     	;# 
   255  041B                     	;# 
   256  041C                     	;# 
   257  041C                     	;# 
   258  041D                     	;# 
   259  041E                     	;# 
   260  041F                     	;# 
   261  048C                     	;# 
   262  048C                     	;# 
   263  048D                     	;# 
   264  048E                     	;# 
   265  048F                     	;# 
   266  048F                     	;# 
   267  0490                     	;# 
   268  0491                     	;# 
   269  0492                     	;# 
   270  0492                     	;# 
   271  0493                     	;# 
   272  0494                     	;# 
   273  0495                     	;# 
   274  0495                     	;# 
   275  0496                     	;# 
   276  0497                     	;# 
   277  0498                     	;# 
   278  0499                     	;# 
   279  049A                     	;# 
   280  049B                     	;# 
   281  049C                     	;# 
   282  049D                     	;# 
   283  050C                     	;# 
   284  050C                     	;# 
   285  050D                     	;# 
   286  050E                     	;# 
   287  050F                     	;# 
   288  050F                     	;# 
   289  0510                     	;# 
   290  0511                     	;# 
   291  0512                     	;# 
   292  0512                     	;# 
   293  0513                     	;# 
   294  0514                     	;# 
   295  0515                     	;# 
   296  0515                     	;# 
   297  0516                     	;# 
   298  0517                     	;# 
   299  0518                     	;# 
   300  0519                     	;# 
   301  051A                     	;# 
   302  051B                     	;# 
   303  051C                     	;# 
   304  051D                     	;# 
   305  058C                     	;# 
   306  058C                     	;# 
   307  058D                     	;# 
   308  058E                     	;# 
   309  058F                     	;# 
   310  058F                     	;# 
   311  0590                     	;# 
   312  0591                     	;# 
   313  0592                     	;# 
   314  0593                     	;# 
   315  060C                     	;# 
   316  060D                     	;# 
   317  060E                     	;# 
   318  060F                     	;# 
   319  0610                     	;# 
   320  0611                     	;# 
   321  0612                     	;# 
   322  0613                     	;# 
   323  0614                     	;# 
   324  0616                     	;# 
   325  0617                     	;# 
   326  0618                     	;# 
   327  0619                     	;# 
   328  061A                     	;# 
   329  061B                     	;# 
   330  061C                     	;# 
   331  061D                     	;# 
   332  061E                     	;# 
   333  068C                     	;# 
   334  068D                     	;# 
   335  068E                     	;# 
   336  068F                     	;# 
   337  0690                     	;# 
   338  0691                     	;# 
   339  0692                     	;# 
   340  0693                     	;# 
   341  0694                     	;# 
   342  070C                     	;# 
   343  070D                     	;# 
   344  070E                     	;# 
   345  070F                     	;# 
   346  0710                     	;# 
   347  0711                     	;# 
   348  0712                     	;# 
   349  0713                     	;# 
   350  0714                     	;# 
   351  0716                     	;# 
   352  0717                     	;# 
   353  0718                     	;# 
   354  0719                     	;# 
   355  071A                     	;# 
   356  071B                     	;# 
   357  071C                     	;# 
   358  071D                     	;# 
   359  071E                     	;# 
   360  0796                     	;# 
   361  0797                     	;# 
   362  0798                     	;# 
   363  0799                     	;# 
   364  079A                     	;# 
   365  079B                     	;# 
   366  080C                     	;# 
   367  080D                     	;# 
   368  080E                     	;# 
   369  080F                     	;# 
   370  0810                     	;# 
   371  0811                     	;# 
   372  0812                     	;# 
   373  0813                     	;# 
   374  0814                     	;# 
   375  081A                     	;# 
   376  081B                     	;# 
   377  081C                     	;# 
   378  081D                     	;# 
   379  081E                     	;# 
   380  081F                     	;# 
   381  088C                     	;# 
   382  088D                     	;# 
   383  088E                     	;# 
   384  088F                     	;# 
   385  0890                     	;# 
   386  0891                     	;# 
   387  0892                     	;# 
   388  0893                     	;# 
   389  0895                     	;# 
   390  0896                     	;# 
   391  0897                     	;# 
   392  0898                     	;# 
   393  0899                     	;# 
   394  089A                     	;# 
   395  089B                     	;# 
   396  090C                     	;# 
   397  090E                     	;# 
   398  090F                     	;# 
   399  091F                     	;# 
   400  091F                     	;# 
   401  098F                     	;# 
   402  098F                     	;# 
   403  0990                     	;# 
   404  0991                     	;# 
   405  0992                     	;# 
   406  0993                     	;# 
   407  0994                     	;# 
   408  0995                     	;# 
   409  0996                     	;# 
   410  0997                     	;# 
   411  0E0F                     	;# 
   412  0E10                     	;# 
   413  0E11                     	;# 
   414  0E12                     	;# 
   415  0E13                     	;# 
   416  0E14                     	;# 
   417  0E15                     	;# 
   418  0E16                     	;# 
   419  0E17                     	;# 
   420  0E18                     	;# 
   421  0E19                     	;# 
   422  0E1A                     	;# 
   423  0E1B                     	;# 
   424  0E1C                     	;# 
   425  0E1D                     	;# 
   426  0E1E                     	;# 
   427  0E1F                     	;# 
   428  0E20                     	;# 
   429  0E21                     	;# 
   430  0E22                     	;# 
   431  0E23                     	;# 
   432  0E24                     	;# 
   433  0E25                     	;# 
   434  0E26                     	;# 
   435  0E27                     	;# 
   436  0E28                     	;# 
   437  0E29                     	;# 
   438  0E2A                     	;# 
   439  0E2B                     	;# 
   440  0E2C                     	;# 
   441  0E2D                     	;# 
   442  0E2E                     	;# 
   443  0E2F                     	;# 
   444  0E30                     	;# 
   445  0E31                     	;# 
   446  0E32                     	;# 
   447  0E33                     	;# 
   448  0E34                     	;# 
   449  0E35                     	;# 
   450  0E36                     	;# 
   451  0E37                     	;# 
   452  0E8F                     	;# 
   453  0E90                     	;# 
   454  0E91                     	;# 
   455  0E92                     	;# 
   456  0E93                     	;# 
   457  0E94                     	;# 
   458  0E95                     	;# 
   459  0E96                     	;# 
   460  0E97                     	;# 
   461  0E9C                     	;# 
   462  0E9D                     	;# 
   463  0E9E                     	;# 
   464  0EA1                     	;# 
   465  0EA2                     	;# 
   466  0EA3                     	;# 
   467  0EA4                     	;# 
   468  0EA5                     	;# 
   469  0EA9                     	;# 
   470  0EAA                     	;# 
   471  0EAB                     	;# 
   472  0EAC                     	;# 
   473  0EB1                     	;# 
   474  0EB2                     	;# 
   475  0EB3                     	;# 
   476  0EB8                     	;# 
   477  0EB9                     	;# 
   478  0EBA                     	;# 
   479  0EBB                     	;# 
   480  0EBC                     	;# 
   481  0EBD                     	;# 
   482  0EBE                     	;# 
   483  0EC3                     	;# 
   484  0EC5                     	;# 
   485  0EC6                     	;# 
   486  0EC7                     	;# 
   487  0EC8                     	;# 
   488  0EC9                     	;# 
   489  0ECA                     	;# 
   490  0ECB                     	;# 
   491  0ECC                     	;# 
   492  0F10                     	;# 
   493  0F11                     	;# 
   494  0F12                     	;# 
   495  0F13                     	;# 
   496  0F14                     	;# 
   497  0F15                     	;# 
   498  0F16                     	;# 
   499  0F17                     	;# 
   500  0F18                     	;# 
   501  0F19                     	;# 
   502  0F1A                     	;# 
   503  0F1B                     	;# 
   504  0F1C                     	;# 
   505  0F1D                     	;# 
   506  0F1E                     	;# 
   507  0F1F                     	;# 
   508  0F20                     	;# 
   509  0F21                     	;# 
   510  0F22                     	;# 
   511  0F23                     	;# 
   512  0F24                     	;# 
   513  0F25                     	;# 
   514  0F26                     	;# 
   515  0F27                     	;# 
   516  0F38                     	;# 
   517  0F39                     	;# 
   518  0F3A                     	;# 
   519  0F3B                     	;# 
   520  0F3C                     	;# 
   521  0F3D                     	;# 
   522  0F3E                     	;# 
   523  0F3F                     	;# 
   524  0F40                     	;# 
   525  0F41                     	;# 
   526  0F43                     	;# 
   527  0F44                     	;# 
   528  0F45                     	;# 
   529  0F46                     	;# 
   530  0F47                     	;# 
   531  0F48                     	;# 
   532  0F49                     	;# 
   533  0F4A                     	;# 
   534  0F4B                     	;# 
   535  0F4C                     	;# 
   536  0F4E                     	;# 
   537  0F4F                     	;# 
   538  0F50                     	;# 
   539  0F51                     	;# 
   540  0F52                     	;# 
   541  0F53                     	;# 
   542  0F54                     	;# 
   543  0F55                     	;# 
   544  0F56                     	;# 
   545  0F57                     	;# 
   546  0F65                     	;# 
   547  0F68                     	;# 
   548  0F69                     	;# 
   549  0F6A                     	;# 
   550  0F6B                     	;# 
   551  0FE4                     	;# 
   552  0FE5                     	;# 
   553  0FE6                     	;# 
   554  0FE7                     	;# 
   555  0FE8                     	;# 
   556  0FE9                     	;# 
   557  0FEA                     	;# 
   558  0FEB                     	;# 
   559  0FED                     	;# 
   560  0FEE                     	;# 
   561  0FEF                     	;# 
   562  0000                     	;# 
   563  0001                     	;# 
   564  0002                     	;# 
   565  0003                     	;# 
   566  0004                     	;# 
   567  0005                     	;# 
   568  0006                     	;# 
   569  0007                     	;# 
   570  0008                     	;# 
   571  0009                     	;# 
   572  000A                     	;# 
   573  000B                     	;# 
   574  000C                     	;# 
   575  000D                     	;# 
   576  000E                     	;# 
   577  0010                     	;# 
   578  0011                     	;# 
   579  0012                     	;# 
   580  0013                     	;# 
   581  0016                     	;# 
   582  0017                     	;# 
   583  0018                     	;# 
   584  001C                     	;# 
   585  001C                     	;# 
   586  001D                     	;# 
   587  001D                     	;# 
   588  001E                     	;# 
   589  001F                     	;# 
   590  008C                     	;# 
   591  008C                     	;# 
   592  008D                     	;# 
   593  008E                     	;# 
   594  008E                     	;# 
   595  008F                     	;# 
   596  0090                     	;# 
   597  0090                     	;# 
   598  0091                     	;# 
   599  0093                     	;# 
   600  0094                     	;# 
   601  0095                     	;# 
   602  0096                     	;# 
   603  0097                     	;# 
   604  0098                     	;# 
   605  0099                     	;# 
   606  009A                     	;# 
   607  009B                     	;# 
   608  009C                     	;# 
   609  009D                     	;# 
   610  009E                     	;# 
   611  010C                     	;# 
   612  010D                     	;# 
   613  010E                     	;# 
   614  010E                     	;# 
   615  010F                     	;# 
   616  0110                     	;# 
   617  0110                     	;# 
   618  0111                     	;# 
   619  0112                     	;# 
   620  0112                     	;# 
   621  0113                     	;# 
   622  0114                     	;# 
   623  0114                     	;# 
   624  0115                     	;# 
   625  0116                     	;# 
   626  0116                     	;# 
   627  0117                     	;# 
   628  0119                     	;# 
   629  0119                     	;# 
   630  0119                     	;# 
   631  011A                     	;# 
   632  011A                     	;# 
   633  011A                     	;# 
   634  011B                     	;# 
   635  011B                     	;# 
   636  011B                     	;# 
   637  011B                     	;# 
   638  011B                     	;# 
   639  011C                     	;# 
   640  011C                     	;# 
   641  011C                     	;# 
   642  011D                     	;# 
   643  011D                     	;# 
   644  011D                     	;# 
   645  011E                     	;# 
   646  011E                     	;# 
   647  011E                     	;# 
   648  011F                     	;# 
   649  011F                     	;# 
   650  011F                     	;# 
   651  011F                     	;# 
   652  011F                     	;# 
   653  018C                     	;# 
   654  018D                     	;# 
   655  018E                     	;# 
   656  018F                     	;# 
   657  0190                     	;# 
   658  0191                     	;# 
   659  0192                     	;# 
   660  0196                     	;# 
   661  0197                     	;# 
   662  0198                     	;# 
   663  0199                     	;# 
   664  019A                     	;# 
   665  019B                     	;# 
   666  019C                     	;# 
   667  020C                     	;# 
   668  020C                     	;# 
   669  020D                     	;# 
   670  020E                     	;# 
   671  020F                     	;# 
   672  020F                     	;# 
   673  0210                     	;# 
   674  0210                     	;# 
   675  0211                     	;# 
   676  0211                     	;# 
   677  0212                     	;# 
   678  0212                     	;# 
   679  0213                     	;# 
   680  0214                     	;# 
   681  0215                     	;# 
   682  0215                     	;# 
   683  0216                     	;# 
   684  0216                     	;# 
   685  0217                     	;# 
   686  0217                     	;# 
   687  0218                     	;# 
   688  0218                     	;# 
   689  0219                     	;# 
   690  021A                     	;# 
   691  021B                     	;# 
   692  021B                     	;# 
   693  021C                     	;# 
   694  021C                     	;# 
   695  021D                     	;# 
   696  021D                     	;# 
   697  021E                     	;# 
   698  021F                     	;# 
   699  028C                     	;# 
   700  028C                     	;# 
   701  028D                     	;# 
   702  028D                     	;# 
   703  028E                     	;# 
   704  028F                     	;# 
   705  0290                     	;# 
   706  0290                     	;# 
   707  0291                     	;# 
   708  0292                     	;# 
   709  0292                     	;# 
   710  0293                     	;# 
   711  0293                     	;# 
   712  0294                     	;# 
   713  0295                     	;# 
   714  0296                     	;# 
   715  0296                     	;# 
   716  0297                     	;# 
   717  0298                     	;# 
   718  0298                     	;# 
   719  0299                     	;# 
   720  0299                     	;# 
   721  029A                     	;# 
   722  029B                     	;# 
   723  029C                     	;# 
   724  029C                     	;# 
   725  029D                     	;# 
   726  030C                     	;# 
   727  030C                     	;# 
   728  030D                     	;# 
   729  030E                     	;# 
   730  030F                     	;# 
   731  0310                     	;# 
   732  0310                     	;# 
   733  0311                     	;# 
   734  0312                     	;# 
   735  0313                     	;# 
   736  0314                     	;# 
   737  0314                     	;# 
   738  0315                     	;# 
   739  0316                     	;# 
   740  0317                     	;# 
   741  0318                     	;# 
   742  0318                     	;# 
   743  0319                     	;# 
   744  031A                     	;# 
   745  031B                     	;# 
   746  031C                     	;# 
   747  031C                     	;# 
   748  031D                     	;# 
   749  031E                     	;# 
   750  031F                     	;# 
   751  038C                     	;# 
   752  038D                     	;# 
   753  038E                     	;# 
   754  0390                     	;# 
   755  0391                     	;# 
   756  0392                     	;# 
   757  040C                     	;# 
   758  040D                     	;# 
   759  040E                     	;# 
   760  040F                     	;# 
   761  0410                     	;# 
   762  0411                     	;# 
   763  0416                     	;# 
   764  0416                     	;# 
   765  0417                     	;# 
   766  0418                     	;# 
   767  0418                     	;# 
   768  0419                     	;# 
   769  041A                     	;# 
   770  041A                     	;# 
   771  041B                     	;# 
   772  041C                     	;# 
   773  041C                     	;# 
   774  041D                     	;# 
   775  041E                     	;# 
   776  041F                     	;# 
   777  048C                     	;# 
   778  048C                     	;# 
   779  048D                     	;# 
   780  048E                     	;# 
   781  048F                     	;# 
   782  048F                     	;# 
   783  0490                     	;# 
   784  0491                     	;# 
   785  0492                     	;# 
   786  0492                     	;# 
   787  0493                     	;# 
   788  0494                     	;# 
   789  0495                     	;# 
   790  0495                     	;# 
   791  0496                     	;# 
   792  0497                     	;# 
   793  0498                     	;# 
   794  0499                     	;# 
   795  049A                     	;# 
   796  049B                     	;# 
   797  049C                     	;# 
   798  049D                     	;# 
   799  050C                     	;# 
   800  050C                     	;# 
   801  050D                     	;# 
   802  050E                     	;# 
   803  050F                     	;# 
   804  050F                     	;# 
   805  0510                     	;# 
   806  0511                     	;# 
   807  0512                     	;# 
   808  0512                     	;# 
   809  0513                     	;# 
   810  0514                     	;# 
   811  0515                     	;# 
   812  0515                     	;# 
   813  0516                     	;# 
   814  0517                     	;# 
   815  0518                     	;# 
   816  0519                     	;# 
   817  051A                     	;# 
   818  051B                     	;# 
   819  051C                     	;# 
   820  051D                     	;# 
   821  058C                     	;# 
   822  058C                     	;# 
   823  058D                     	;# 
   824  058E                     	;# 
   825  058F                     	;# 
   826  058F                     	;# 
   827  0590                     	;# 
   828  0591                     	;# 
   829  0592                     	;# 
   830  0593                     	;# 
   831  060C                     	;# 
   832  060D                     	;# 
   833  060E                     	;# 
   834  060F                     	;# 
   835  0610                     	;# 
   836  0611                     	;# 
   837  0612                     	;# 
   838  0613                     	;# 
   839  0614                     	;# 
   840  0616                     	;# 
   841  0617                     	;# 
   842  0618                     	;# 
   843  0619                     	;# 
   844  061A                     	;# 
   845  061B                     	;# 
   846  061C                     	;# 
   847  061D                     	;# 
   848  061E                     	;# 
   849  068C                     	;# 
   850  068D                     	;# 
   851  068E                     	;# 
   852  068F                     	;# 
   853  0690                     	;# 
   854  0691                     	;# 
   855  0692                     	;# 
   856  0693                     	;# 
   857  0694                     	;# 
   858  070C                     	;# 
   859  070D                     	;# 
   860  070E                     	;# 
   861  070F                     	;# 
   862  0710                     	;# 
   863  0711                     	;# 
   864  0712                     	;# 
   865  0713                     	;# 
   866  0714                     	;# 
   867  0716                     	;# 
   868  0717                     	;# 
   869  0718                     	;# 
   870  0719                     	;# 
   871  071A                     	;# 
   872  071B                     	;# 
   873  071C                     	;# 
   874  071D                     	;# 
   875  071E                     	;# 
   876  0796                     	;# 
   877  0797                     	;# 
   878  0798                     	;# 
   879  0799                     	;# 
   880  079A                     	;# 
   881  079B                     	;# 
   882  080C                     	;# 
   883  080D                     	;# 
   884  080E                     	;# 
   885  080F                     	;# 
   886  0810                     	;# 
   887  0811                     	;# 
   888  0812                     	;# 
   889  0813                     	;# 
   890  0814                     	;# 
   891  081A                     	;# 
   892  081B                     	;# 
   893  081C                     	;# 
   894  081D                     	;# 
   895  081E                     	;# 
   896  081F                     	;# 
   897  088C                     	;# 
   898  088D                     	;# 
   899  088E                     	;# 
   900  088F                     	;# 
   901  0890                     	;# 
   902  0891                     	;# 
   903  0892                     	;# 
   904  0893                     	;# 
   905  0895                     	;# 
   906  0896                     	;# 
   907  0897                     	;# 
   908  0898                     	;# 
   909  0899                     	;# 
   910  089A                     	;# 
   911  089B                     	;# 
   912  090C                     	;# 
   913  090E                     	;# 
   914  090F                     	;# 
   915  091F                     	;# 
   916  091F                     	;# 
   917  098F                     	;# 
   918  098F                     	;# 
   919  0990                     	;# 
   920  0991                     	;# 
   921  0992                     	;# 
   922  0993                     	;# 
   923  0994                     	;# 
   924  0995                     	;# 
   925  0996                     	;# 
   926  0997                     	;# 
   927  0E0F                     	;# 
   928  0E10                     	;# 
   929  0E11                     	;# 
   930  0E12                     	;# 
   931  0E13                     	;# 
   932  0E14                     	;# 
   933  0E15                     	;# 
   934  0E16                     	;# 
   935  0E17                     	;# 
   936  0E18                     	;# 
   937  0E19                     	;# 
   938  0E1A                     	;# 
   939  0E1B                     	;# 
   940  0E1C                     	;# 
   941  0E1D                     	;# 
   942  0E1E                     	;# 
   943  0E1F                     	;# 
   944  0E20                     	;# 
   945  0E21                     	;# 
   946  0E22                     	;# 
   947  0E23                     	;# 
   948  0E24                     	;# 
   949  0E25                     	;# 
   950  0E26                     	;# 
   951  0E27                     	;# 
   952  0E28                     	;# 
   953  0E29                     	;# 
   954  0E2A                     	;# 
   955  0E2B                     	;# 
   956  0E2C                     	;# 
   957  0E2D                     	;# 
   958  0E2E                     	;# 
   959  0E2F                     	;# 
   960  0E30                     	;# 
   961  0E31                     	;# 
   962  0E32                     	;# 
   963  0E33                     	;# 
   964  0E34                     	;# 
   965  0E35                     	;# 
   966  0E36                     	;# 
   967  0E37                     	;# 
   968  0E8F                     	;# 
   969  0E90                     	;# 
   970  0E91                     	;# 
   971  0E92                     	;# 
   972  0E93                     	;# 
   973  0E94                     	;# 
   974  0E95                     	;# 
   975  0E96                     	;# 
   976  0E97                     	;# 
   977  0E9C                     	;# 
   978  0E9D                     	;# 
   979  0E9E                     	;# 
   980  0EA1                     	;# 
   981  0EA2                     	;# 
   982  0EA3                     	;# 
   983  0EA4                     	;# 
   984  0EA5                     	;# 
   985  0EA9                     	;# 
   986  0EAA                     	;# 
   987  0EAB                     	;# 
   988  0EAC                     	;# 
   989  0EB1                     	;# 
   990  0EB2                     	;# 
   991  0EB3                     	;# 
   992  0EB8                     	;# 
   993  0EB9                     	;# 
   994  0EBA                     	;# 
   995  0EBB                     	;# 
   996  0EBC                     	;# 
   997  0EBD                     	;# 
   998  0EBE                     	;# 
   999  0EC3                     	;# 
  1000  0EC5                     	;# 
  1001  0EC6                     	;# 
  1002  0EC7                     	;# 
  1003  0EC8                     	;# 
  1004  0EC9                     	;# 
  1005  0ECA                     	;# 
  1006  0ECB                     	;# 
  1007  0ECC                     	;# 
  1008  0F10                     	;# 
  1009  0F11                     	;# 
  1010  0F12                     	;# 
  1011  0F13                     	;# 
  1012  0F14                     	;# 
  1013  0F15                     	;# 
  1014  0F16                     	;# 
  1015  0F17                     	;# 
  1016  0F18                     	;# 
  1017  0F19                     	;# 
  1018  0F1A                     	;# 
  1019  0F1B                     	;# 
  1020  0F1C                     	;# 
  1021  0F1D                     	;# 
  1022  0F1E                     	;# 
  1023  0F1F                     	;# 
  1024  0F20                     	;# 
  1025  0F21                     	;# 
  1026  0F22                     	;# 
  1027  0F23                     	;# 
  1028  0F24                     	;# 
  1029  0F25                     	;# 
  1030  0F26                     	;# 
  1031  0F27                     	;# 
  1032  0F38                     	;# 
  1033  0F39                     	;# 
  1034  0F3A                     	;# 
  1035  0F3B                     	;# 
  1036  0F3C                     	;# 
  1037  0F3D                     	;# 
  1038  0F3E                     	;# 
  1039  0F3F                     	;# 
  1040  0F40                     	;# 
  1041  0F41                     	;# 
  1042  0F43                     	;# 
  1043  0F44                     	;# 
  1044  0F45                     	;# 
  1045  0F46                     	;# 
  1046  0F47                     	;# 
  1047  0F48                     	;# 
  1048  0F49                     	;# 
  1049  0F4A                     	;# 
  1050  0F4B                     	;# 
  1051  0F4C                     	;# 
  1052  0F4E                     	;# 
  1053  0F4F                     	;# 
  1054  0F50                     	;# 
  1055  0F51                     	;# 
  1056  0F52                     	;# 
  1057  0F53                     	;# 
  1058  0F54                     	;# 
  1059  0F55                     	;# 
  1060  0F56                     	;# 
  1061  0F57                     	;# 
  1062  0F65                     	;# 
  1063  0F68                     	;# 
  1064  0F69                     	;# 
  1065  0F6A                     	;# 
  1066  0F6B                     	;# 
  1067  0FE4                     	;# 
  1068  0FE5                     	;# 
  1069  0FE6                     	;# 
  1070  0FE7                     	;# 
  1071  0FE8                     	;# 
  1072  0FE9                     	;# 
  1073  0FEA                     	;# 
  1074  0FEB                     	;# 
  1075  0FED                     	;# 
  1076  0FEE                     	;# 
  1077  0FEF                     	;# 
  1078  0000                     	;# 
  1079  0001                     	;# 
  1080  0002                     	;# 
  1081  0003                     	;# 
  1082  0004                     	;# 
  1083  0005                     	;# 
  1084  0006                     	;# 
  1085  0007                     	;# 
  1086  0008                     	;# 
  1087  0009                     	;# 
  1088  000A                     	;# 
  1089  000B                     	;# 
  1090  000C                     	;# 
  1091  000D                     	;# 
  1092  000E                     	;# 
  1093  0010                     	;# 
  1094  0011                     	;# 
  1095  0012                     	;# 
  1096  0013                     	;# 
  1097  0016                     	;# 
  1098  0017                     	;# 
  1099  0018                     	;# 
  1100  001C                     	;# 
  1101  001C                     	;# 
  1102  001D                     	;# 
  1103  001D                     	;# 
  1104  001E                     	;# 
  1105  001F                     	;# 
  1106  008C                     	;# 
  1107  008C                     	;# 
  1108  008D                     	;# 
  1109  008E                     	;# 
  1110  008E                     	;# 
  1111  008F                     	;# 
  1112  0090                     	;# 
  1113  0090                     	;# 
  1114  0091                     	;# 
  1115  0093                     	;# 
  1116  0094                     	;# 
  1117  0095                     	;# 
  1118  0096                     	;# 
  1119  0097                     	;# 
  1120  0098                     	;# 
  1121  0099                     	;# 
  1122  009A                     	;# 
  1123  009B                     	;# 
  1124  009C                     	;# 
  1125  009D                     	;# 
  1126  009E                     	;# 
  1127  010C                     	;# 
  1128  010D                     	;# 
  1129  010E                     	;# 
  1130  010E                     	;# 
  1131  010F                     	;# 
  1132  0110                     	;# 
  1133  0110                     	;# 
  1134  0111                     	;# 
  1135  0112                     	;# 
  1136  0112                     	;# 
  1137  0113                     	;# 
  1138  0114                     	;# 
  1139  0114                     	;# 
  1140  0115                     	;# 
  1141  0116                     	;# 
  1142  0116                     	;# 
  1143  0117                     	;# 
  1144  0119                     	;# 
  1145  0119                     	;# 
  1146  0119                     	;# 
  1147  011A                     	;# 
  1148  011A                     	;# 
  1149  011A                     	;# 
  1150  011B                     	;# 
  1151  011B                     	;# 
  1152  011B                     	;# 
  1153  011B                     	;# 
  1154  011B                     	;# 
  1155  011C                     	;# 
  1156  011C                     	;# 
  1157  011C                     	;# 
  1158  011D                     	;# 
  1159  011D                     	;# 
  1160  011D                     	;# 
  1161  011E                     	;# 
  1162  011E                     	;# 
  1163  011E                     	;# 
  1164  011F                     	;# 
  1165  011F                     	;# 
  1166  011F                     	;# 
  1167  011F                     	;# 
  1168  011F                     	;# 
  1169  018C                     	;# 
  1170  018D                     	;# 
  1171  018E                     	;# 
  1172  018F                     	;# 
  1173  0190                     	;# 
  1174  0191                     	;# 
  1175  0192                     	;# 
  1176  0196                     	;# 
  1177  0197                     	;# 
  1178  0198                     	;# 
  1179  0199                     	;# 
  1180  019A                     	;# 
  1181  019B                     	;# 
  1182  019C                     	;# 
  1183  020C                     	;# 
  1184  020C                     	;# 
  1185  020D                     	;# 
  1186  020E                     	;# 
  1187  020F                     	;# 
  1188  020F                     	;# 
  1189  0210                     	;# 
  1190  0210                     	;# 
  1191  0211                     	;# 
  1192  0211                     	;# 
  1193  0212                     	;# 
  1194  0212                     	;# 
  1195  0213                     	;# 
  1196  0214                     	;# 
  1197  0215                     	;# 
  1198  0215                     	;# 
  1199  0216                     	;# 
  1200  0216                     	;# 
  1201  0217                     	;# 
  1202  0217                     	;# 
  1203  0218                     	;# 
  1204  0218                     	;# 
  1205  0219                     	;# 
  1206  021A                     	;# 
  1207  021B                     	;# 
  1208  021B                     	;# 
  1209  021C                     	;# 
  1210  021C                     	;# 
  1211  021D                     	;# 
  1212  021D                     	;# 
  1213  021E                     	;# 
  1214  021F                     	;# 
  1215  028C                     	;# 
  1216  028C                     	;# 
  1217  028D                     	;# 
  1218  028D                     	;# 
  1219  028E                     	;# 
  1220  028F                     	;# 
  1221  0290                     	;# 
  1222  0290                     	;# 
  1223  0291                     	;# 
  1224  0292                     	;# 
  1225  0292                     	;# 
  1226  0293                     	;# 
  1227  0293                     	;# 
  1228  0294                     	;# 
  1229  0295                     	;# 
  1230  0296                     	;# 
  1231  0296                     	;# 
  1232  0297                     	;# 
  1233  0298                     	;# 
  1234  0298                     	;# 
  1235  0299                     	;# 
  1236  0299                     	;# 
  1237  029A                     	;# 
  1238  029B                     	;# 
  1239  029C                     	;# 
  1240  029C                     	;# 
  1241  029D                     	;# 
  1242  030C                     	;# 
  1243  030C                     	;# 
  1244  030D                     	;# 
  1245  030E                     	;# 
  1246  030F                     	;# 
  1247  0310                     	;# 
  1248  0310                     	;# 
  1249  0311                     	;# 
  1250  0312                     	;# 
  1251  0313                     	;# 
  1252  0314                     	;# 
  1253  0314                     	;# 
  1254  0315                     	;# 
  1255  0316                     	;# 
  1256  0317                     	;# 
  1257  0318                     	;# 
  1258  0318                     	;# 
  1259  0319                     	;# 
  1260  031A                     	;# 
  1261  031B                     	;# 
  1262  031C                     	;# 
  1263  031C                     	;# 
  1264  031D                     	;# 
  1265  031E                     	;# 
  1266  031F                     	;# 
  1267  038C                     	;# 
  1268  038D                     	;# 
  1269  038E                     	;# 
  1270  0390                     	;# 
  1271  0391                     	;# 
  1272  0392                     	;# 
  1273  040C                     	;# 
  1274  040D                     	;# 
  1275  040E                     	;# 
  1276  040F                     	;# 
  1277  0410                     	;# 
  1278  0411                     	;# 
  1279  0416                     	;# 
  1280  0416                     	;# 
  1281  0417                     	;# 
  1282  0418                     	;# 
  1283  0418                     	;# 
  1284  0419                     	;# 
  1285  041A                     	;# 
  1286  041A                     	;# 
  1287  041B                     	;# 
  1288  041C                     	;# 
  1289  041C                     	;# 
  1290  041D                     	;# 
  1291  041E                     	;# 
  1292  041F                     	;# 
  1293  048C                     	;# 
  1294  048C                     	;# 
  1295  048D                     	;# 
  1296  048E                     	;# 
  1297  048F                     	;# 
  1298  048F                     	;# 
  1299  0490                     	;# 
  1300  0491                     	;# 
  1301  0492                     	;# 
  1302  0492                     	;# 
  1303  0493                     	;# 
  1304  0494                     	;# 
  1305  0495                     	;# 
  1306  0495                     	;# 
  1307  0496                     	;# 
  1308  0497                     	;# 
  1309  0498                     	;# 
  1310  0499                     	;# 
  1311  049A                     	;# 
  1312  049B                     	;# 
  1313  049C                     	;# 
  1314  049D                     	;# 
  1315  050C                     	;# 
  1316  050C                     	;# 
  1317  050D                     	;# 
  1318  050E                     	;# 
  1319  050F                     	;# 
  1320  050F                     	;# 
  1321  0510                     	;# 
  1322  0511                     	;# 
  1323  0512                     	;# 
  1324  0512                     	;# 
  1325  0513                     	;# 
  1326  0514                     	;# 
  1327  0515                     	;# 
  1328  0515                     	;# 
  1329  0516                     	;# 
  1330  0517                     	;# 
  1331  0518                     	;# 
  1332  0519                     	;# 
  1333  051A                     	;# 
  1334  051B                     	;# 
  1335  051C                     	;# 
  1336  051D                     	;# 
  1337  058C                     	;# 
  1338  058C                     	;# 
  1339  058D                     	;# 
  1340  058E                     	;# 
  1341  058F                     	;# 
  1342  058F                     	;# 
  1343  0590                     	;# 
  1344  0591                     	;# 
  1345  0592                     	;# 
  1346  0593                     	;# 
  1347  060C                     	;# 
  1348  060D                     	;# 
  1349  060E                     	;# 
  1350  060F                     	;# 
  1351  0610                     	;# 
  1352  0611                     	;# 
  1353  0612                     	;# 
  1354  0613                     	;# 
  1355  0614                     	;# 
  1356  0616                     	;# 
  1357  0617                     	;# 
  1358  0618                     	;# 
  1359  0619                     	;# 
  1360  061A                     	;# 
  1361  061B                     	;# 
  1362  061C                     	;# 
  1363  061D                     	;# 
  1364  061E                     	;# 
  1365  068C                     	;# 
  1366  068D                     	;# 
  1367  068E                     	;# 
  1368  068F                     	;# 
  1369  0690                     	;# 
  1370  0691                     	;# 
  1371  0692                     	;# 
  1372  0693                     	;# 
  1373  0694                     	;# 
  1374  070C                     	;# 
  1375  070D                     	;# 
  1376  070E                     	;# 
  1377  070F                     	;# 
  1378  0710                     	;# 
  1379  0711                     	;# 
  1380  0712                     	;# 
  1381  0713                     	;# 
  1382  0714                     	;# 
  1383  0716                     	;# 
  1384  0717                     	;# 
  1385  0718                     	;# 
  1386  0719                     	;# 
  1387  071A                     	;# 
  1388  071B                     	;# 
  1389  071C                     	;# 
  1390  071D                     	;# 
  1391  071E                     	;# 
  1392  0796                     	;# 
  1393  0797                     	;# 
  1394  0798                     	;# 
  1395  0799                     	;# 
  1396  079A                     	;# 
  1397  079B                     	;# 
  1398  080C                     	;# 
  1399  080D                     	;# 
  1400  080E                     	;# 
  1401  080F                     	;# 
  1402  0810                     	;# 
  1403  0811                     	;# 
  1404  0812                     	;# 
  1405  0813                     	;# 
  1406  0814                     	;# 
  1407  081A                     	;# 
  1408  081B                     	;# 
  1409  081C                     	;# 
  1410  081D                     	;# 
  1411  081E                     	;# 
  1412  081F                     	;# 
  1413  088C                     	;# 
  1414  088D                     	;# 
  1415  088E                     	;# 
  1416  088F                     	;# 
  1417  0890                     	;# 
  1418  0891                     	;# 
  1419  0892                     	;# 
  1420  0893                     	;# 
  1421  0895                     	;# 
  1422  0896                     	;# 
  1423  0897                     	;# 
  1424  0898                     	;# 
  1425  0899                     	;# 
  1426  089A                     	;# 
  1427  089B                     	;# 
  1428  090C                     	;# 
  1429  090E                     	;# 
  1430  090F                     	;# 
  1431  091F                     	;# 
  1432  091F                     	;# 
  1433  098F                     	;# 
  1434  098F                     	;# 
  1435  0990                     	;# 
  1436  0991                     	;# 
  1437  0992                     	;# 
  1438  0993                     	;# 
  1439  0994                     	;# 
  1440  0995                     	;# 
  1441  0996                     	;# 
  1442  0997                     	;# 
  1443  0E0F                     	;# 
  1444  0E10                     	;# 
  1445  0E11                     	;# 
  1446  0E12                     	;# 
  1447  0E13                     	;# 
  1448  0E14                     	;# 
  1449  0E15                     	;# 
  1450  0E16                     	;# 
  1451  0E17                     	;# 
  1452  0E18                     	;# 
  1453  0E19                     	;# 
  1454  0E1A                     	;# 
  1455  0E1B                     	;# 
  1456  0E1C                     	;# 
  1457  0E1D                     	;# 
  1458  0E1E                     	;# 
  1459  0E1F                     	;# 
  1460  0E20                     	;# 
  1461  0E21                     	;# 
  1462  0E22                     	;# 
  1463  0E23                     	;# 
  1464  0E24                     	;# 
  1465  0E25                     	;# 
  1466  0E26                     	;# 
  1467  0E27                     	;# 
  1468  0E28                     	;# 
  1469  0E29                     	;# 
  1470  0E2A                     	;# 
  1471  0E2B                     	;# 
  1472  0E2C                     	;# 
  1473  0E2D                     	;# 
  1474  0E2E                     	;# 
  1475  0E2F                     	;# 
  1476  0E30                     	;# 
  1477  0E31                     	;# 
  1478  0E32                     	;# 
  1479  0E33                     	;# 
  1480  0E34                     	;# 
  1481  0E35                     	;# 
  1482  0E36                     	;# 
  1483  0E37                     	;# 
  1484  0E8F                     	;# 
  1485  0E90                     	;# 
  1486  0E91                     	;# 
  1487  0E92                     	;# 
  1488  0E93                     	;# 
  1489  0E94                     	;# 
  1490  0E95                     	;# 
  1491  0E96                     	;# 
  1492  0E97                     	;# 
  1493  0E9C                     	;# 
  1494  0E9D                     	;# 
  1495  0E9E                     	;# 
  1496  0EA1                     	;# 
  1497  0EA2                     	;# 
  1498  0EA3                     	;# 
  1499  0EA4                     	;# 
  1500  0EA5                     	;# 
  1501  0EA9                     	;# 
  1502  0EAA                     	;# 
  1503  0EAB                     	;# 
  1504  0EAC                     	;# 
  1505  0EB1                     	;# 
  1506  0EB2                     	;# 
  1507  0EB3                     	;# 
  1508  0EB8                     	;# 
  1509  0EB9                     	;# 
  1510  0EBA                     	;# 
  1511  0EBB                     	;# 
  1512  0EBC                     	;# 
  1513  0EBD                     	;# 
  1514  0EBE                     	;# 
  1515  0EC3                     	;# 
  1516  0EC5                     	;# 
  1517  0EC6                     	;# 
  1518  0EC7                     	;# 
  1519  0EC8                     	;# 
  1520  0EC9                     	;# 
  1521  0ECA                     	;# 
  1522  0ECB                     	;# 
  1523  0ECC                     	;# 
  1524  0F10                     	;# 
  1525  0F11                     	;# 
  1526  0F12                     	;# 
  1527  0F13                     	;# 
  1528  0F14                     	;# 
  1529  0F15                     	;# 
  1530  0F16                     	;# 
  1531  0F17                     	;# 
  1532  0F18                     	;# 
  1533  0F19                     	;# 
  1534  0F1A                     	;# 
  1535  0F1B                     	;# 
  1536  0F1C                     	;# 
  1537  0F1D                     	;# 
  1538  0F1E                     	;# 
  1539  0F1F                     	;# 
  1540  0F20                     	;# 
  1541  0F21                     	;# 
  1542  0F22                     	;# 
  1543  0F23                     	;# 
  1544  0F24                     	;# 
  1545  0F25                     	;# 
  1546  0F26                     	;# 
  1547  0F27                     	;# 
  1548  0F38                     	;# 
  1549  0F39                     	;# 
  1550  0F3A                     	;# 
  1551  0F3B                     	;# 
  1552  0F3C                     	;# 
  1553  0F3D                     	;# 
  1554  0F3E                     	;# 
  1555  0F3F                     	;# 
  1556  0F40                     	;# 
  1557  0F41                     	;# 
  1558  0F43                     	;# 
  1559  0F44                     	;# 
  1560  0F45                     	;# 
  1561  0F46                     	;# 
  1562  0F47                     	;# 
  1563  0F48                     	;# 
  1564  0F49                     	;# 
  1565  0F4A                     	;# 
  1566  0F4B                     	;# 
  1567  0F4C                     	;# 
  1568  0F4E                     	;# 
  1569  0F4F                     	;# 
  1570  0F50                     	;# 
  1571  0F51                     	;# 
  1572  0F52                     	;# 
  1573  0F53                     	;# 
  1574  0F54                     	;# 
  1575  0F55                     	;# 
  1576  0F56                     	;# 
  1577  0F57                     	;# 
  1578  0F65                     	;# 
  1579  0F68                     	;# 
  1580  0F69                     	;# 
  1581  0F6A                     	;# 
  1582  0F6B                     	;# 
  1583  0FE4                     	;# 
  1584  0FE5                     	;# 
  1585  0FE6                     	;# 
  1586  0FE7                     	;# 
  1587  0FE8                     	;# 
  1588  0FE9                     	;# 
  1589  0FEA                     	;# 
  1590  0FEB                     	;# 
  1591  0FED                     	;# 
  1592  0FEE                     	;# 
  1593  0FEF                     	;# 
  1594  0016                     _LATA	set	22
  1595  0017                     _LATB	set	23
  1596  0018                     _LATC	set	24
  1597  000C                     _PORTAbits	set	12
  1598  0011                     _TRISA	set	17
  1599  0012                     _TRISB	set	18
  1600  0013                     _TRISC	set	19
  1601  0716                     _PIE0bits	set	1814
  1602  088D                     _OSCCON1	set	2189
  1603  088F                     _OSCCON3	set	2191
  1604  0891                     _OSCEN	set	2193
  1605  0893                     _OSCFRQ	set	2195
  1606  0892                     _OSCTUNE	set	2194
  1607  0F38                     _ANSELA	set	3896
  1608  0F43                     _ANSELB	set	3907
  1609  0F4E                     _ANSELC	set	3918
  1610  0F39                     _WPUA	set	3897
  1611  0F44                     _WPUB	set	3908
  1612  0F4F                     _WPUC	set	3919
  1613  0F65                     _WPUE	set	3941
  1614                           
  1615                           ; #config settings
  1616  0000                     
  1617                           	psect	cinit
  1618  07FD                     start_initialization:	
  1619  07FD                     __initialization:	
  1620  07FD                     end_of_initialization:	
  1621                           ;End of C runtime variable initialization code
  1622                           
  1623  07FD                     __end_of__initialization:	
  1624  07FD  0020               	movlb	0
  1625  07FE  3187  2FD1         	ljmp	_main	;jump to C main() function
  1626                           
  1627                           	psect	cstackCOMMON
  1628  0000                     __pcstackCOMMON:	
  1629  0000                     ?_PIN_MANAGER_Initialize:	
  1630  0000                     ??_PIN_MANAGER_Initialize:	
  1631                           ; 1 bytes @ 0x0
  1632                           
  1633  0000                     ?_OSCILLATOR_Initialize:	
  1634                           ; 1 bytes @ 0x0
  1635                           
  1636  0000                     ??_OSCILLATOR_Initialize:	
  1637                           ; 1 bytes @ 0x0
  1638                           
  1639  0000                     ?_SYSTEM_Initialize:	
  1640                           ; 1 bytes @ 0x0
  1641                           
  1642  0000                     ??_SYSTEM_Initialize:	
  1643                           ; 1 bytes @ 0x0
  1644                           
  1645  0000                     ?_main:	
  1646                           ; 1 bytes @ 0x0
  1647                           
  1648  0000                     ??_main:	
  1649                           ; 1 bytes @ 0x0
  1650                           
  1651                           
  1652                           	psect	maintext
  1653  07D1                     __pmaintext:	
  1654                           ; 1 bytes @ 0x0
  1655 ;;
  1656 ;;Main: autosize = 0, tempsize = 0, incstack = 0, save=0
  1657 ;;
  1658 ;; *************** function _main *****************
  1659 ;; Defined at:
  1660 ;;		line 52 in file "main.c"
  1661 ;; Parameters:    Size  Location     Type
  1662 ;;		None
  1663 ;; Auto vars:     Size  Location     Type
  1664 ;;		None
  1665 ;; Return value:  Size  Location     Type
  1666 ;;                  1    wreg      void 
  1667 ;; Registers used:
  1668 ;;		wreg, status,2, status,0, pclath, cstack
  1669 ;; Tracked objects:
  1670 ;;		On entry : B1F/0
  1671 ;;		On exit  : 0/0
  1672 ;;		Unchanged: 0/0
  1673 ;; Data sizes:     COMMON   BANK0   BANK1   BANK2   BANK3   BANK4   BANK5   BANK6   BANK7   BANK8   BANK9  BANK10  BANK1
      +1  BANK12
  1674 ;;      Params:         0       0       0       0       0       0       0       0       0       0       0       0       
      +0       0
  1675 ;;      Locals:         0       0       0       0       0       0       0       0       0       0       0       0       
      +0       0
  1676 ;;      Temps:          0       0       0       0       0       0       0       0       0       0       0       0       
      +0       0
  1677 ;;      Totals:         0       0       0       0       0       0       0       0       0       0       0       0       
      +0       0
  1678 ;;Total ram usage:        0 bytes
  1679 ;; Hardware stack levels required when called:    2
  1680 ;; This function calls:
  1681 ;;		_SYSTEM_Initialize
  1682 ;; This function is called by:
  1683 ;;		Startup code after reset
  1684 ;; This function uses a non-reentrant model
  1685 ;;
  1686                           
  1687                           
  1688                           ;psect for function _main
  1689  07D1                     _main:	
  1690                           
  1691                           ;main.c: 55: SYSTEM_Initialize();
  1692                           
  1693                           ;incstack = 0
  1694                           ; Regs used in _main: [wreg+status,2+status,0+pclath+cstack]
  1695  07D1  3187  27C2  3187   	fcall	_SYSTEM_Initialize
  1696  07D4  2FD7               	goto	l562
  1697  07D5                     l564:	
  1698  07D5  308F               	movlw	143	;# 
  1699  07D6  008C               	movwf	12	;# 
  1700  07D7                     l562:	
  1701                           ;main.c: 72: while (1)
  1702                           
  1703                           ;main.c: 86: }
  1704                           
  1705                           
  1706                           ;main.c: 73: {
  1707                           ;main.c: 76: if (PORTAbits.RA6 == 0)
  1708  07D7  0020               	movlb	0	; select bank0
  1709  07D8  1F0C               	btfss	12,6	;volatile
  1710  07D9  2FD5               	goto	l564
  1711  07DA  3000               	movlw	0	;# 
  1712  07DB  008C               	movwf	12	;# 
  1713  07DC  2FD7               	goto	l562
  1714  07DD                     __end_of_main:	
  1715                           
  1716                           	psect	text1
  1717  07C2                     __ptext1:	
  1718 ;; *************** function _SYSTEM_Initialize *****************
  1719 ;; Defined at:
  1720 ;;		line 83 in file "mcc_generated_files/mcc.c"
  1721 ;; Parameters:    Size  Location     Type
  1722 ;;		None
  1723 ;; Auto vars:     Size  Location     Type
  1724 ;;		None
  1725 ;; Return value:  Size  Location     Type
  1726 ;;                  1    wreg      void 
  1727 ;; Registers used:
  1728 ;;		wreg, status,2, status,0, pclath, cstack
  1729 ;; Tracked objects:
  1730 ;;		On entry : 0/0
  1731 ;;		On exit  : 0/0
  1732 ;;		Unchanged: 0/0
  1733 ;; Data sizes:     COMMON   BANK0   BANK1   BANK2   BANK3   BANK4   BANK5   BANK6   BANK7   BANK8   BANK9  BANK10  BANK1
      +1  BANK12
  1734 ;;      Params:         0       0       0       0       0       0       0       0       0       0       0       0       
      +0       0
  1735 ;;      Locals:         0       0       0       0       0       0       0       0       0       0       0       0       
      +0       0
  1736 ;;      Temps:          0       0       0       0       0       0       0       0       0       0       0       0       
      +0       0
  1737 ;;      Totals:         0       0       0       0       0       0       0       0       0       0       0       0       
      +0       0
  1738 ;;Total ram usage:        0 bytes
  1739 ;; Hardware stack levels used:    1
  1740 ;; Hardware stack levels required when called:    1
  1741 ;; This function calls:
  1742 ;;		_OSCILLATOR_Initialize
  1743 ;;		_PIN_MANAGER_Initialize
  1744 ;; This function is called by:
  1745 ;;		_main
  1746 ;; This function uses a non-reentrant model
  1747 ;;
  1748                           
  1749                           
  1750                           ;psect for function _SYSTEM_Initialize
  1751  07C2                     _SYSTEM_Initialize:	
  1752                           
  1753                           ;mcc.c: 86: PIN_MANAGER_Initialize();
  1754                           
  1755                           ;incstack = 0
  1756                           ; Regs used in _SYSTEM_Initialize: [wreg+status,2+status,0+pclath+cstack]
  1757  07C2  3187  27DD  3187   	fcall	_PIN_MANAGER_Initialize
  1758                           
  1759                           ;mcc.c: 87: OSCILLATOR_Initialize();
  1760  07C5  3187  27C8         	fcall	_OSCILLATOR_Initialize
  1761  07C7  0008               	return
  1762  07C8                     __end_of_SYSTEM_Initialize:	
  1763                           
  1764                           	psect	text2
  1765  07DD                     __ptext2:	
  1766 ;; *************** function _PIN_MANAGER_Initialize *****************
  1767 ;; Defined at:
  1768 ;;		line 49 in file "mcc_generated_files/pin_manager.c"
  1769 ;; Parameters:    Size  Location     Type
  1770 ;;		None
  1771 ;; Auto vars:     Size  Location     Type
  1772 ;;		None
  1773 ;; Return value:  Size  Location     Type
  1774 ;;                  1    wreg      void 
  1775 ;; Registers used:
  1776 ;;		wreg, status,2
  1777 ;; Tracked objects:
  1778 ;;		On entry : 0/0
  1779 ;;		On exit  : 0/0
  1780 ;;		Unchanged: 0/0
  1781 ;; Data sizes:     COMMON   BANK0   BANK1   BANK2   BANK3   BANK4   BANK5   BANK6   BANK7   BANK8   BANK9  BANK10  BANK1
      +1  BANK12
  1782 ;;      Params:         0       0       0       0       0       0       0       0       0       0       0       0       
      +0       0
  1783 ;;      Locals:         0       0       0       0       0       0       0       0       0       0       0       0       
      +0       0
  1784 ;;      Temps:          0       0       0       0       0       0       0       0       0       0       0       0       
      +0       0
  1785 ;;      Totals:         0       0       0       0       0       0       0       0       0       0       0       0       
      +0       0
  1786 ;;Total ram usage:        0 bytes
  1787 ;; Hardware stack levels used:    1
  1788 ;; This function calls:
  1789 ;;		Nothing
  1790 ;; This function is called by:
  1791 ;;		_SYSTEM_Initialize
  1792 ;; This function uses a non-reentrant model
  1793 ;;
  1794                           
  1795                           
  1796                           ;psect for function _PIN_MANAGER_Initialize
  1797  07DD                     _PIN_MANAGER_Initialize:	
  1798                           
  1799                           ;pin_manager.c: 51: LATB = 0x0;
  1800                           
  1801                           ;incstack = 0
  1802                           ; Regs used in _PIN_MANAGER_Initialize: [wreg+status,2]
  1803  07DD  0020               	movlb	0	; select bank0
  1804  07DE  0197               	clrf	23	;volatile
  1805                           
  1806                           ;pin_manager.c: 52: WPUE = 0x8;
  1807  07DF  3008               	movlw	8
  1808  07E0  003E               	movlb	30	; select bank30
  1809  07E1  00E5               	movwf	101	;volatile
  1810                           
  1811                           ;pin_manager.c: 53: LATA = 0x1;
  1812  07E2  3001               	movlw	1
  1813  07E3  0020               	movlb	0	; select bank0
  1814  07E4  0096               	movwf	22	;volatile
  1815                           
  1816                           ;pin_manager.c: 55: LATC = 0x0;
  1817  07E5  0198               	clrf	24	;volatile
  1818                           
  1819                           ;pin_manager.c: 56: WPUA = 0xFF;
  1820  07E6  30FF               	movlw	255
  1821  07E7  003E               	movlb	30	; select bank30
  1822  07E8  00B9               	movwf	57	;volatile
  1823                           
  1824                           ;pin_manager.c: 57: WPUB = 0xFF;
  1825  07E9  30FF               	movlw	255
  1826  07EA  00C4               	movwf	68	;volatile
  1827                           
  1828                           ;pin_manager.c: 58: WPUC = 0xFF;
  1829  07EB  30FF               	movlw	255
  1830  07EC  00CF               	movwf	79	;volatile
  1831                           
  1832                           ;pin_manager.c: 60: ANSELA = 0x04;
  1833  07ED  3004               	movlw	4
  1834  07EE  00B8               	movwf	56	;volatile
  1835                           
  1836                           ;pin_manager.c: 61: ANSELB = 0xFF;
  1837  07EF  30FF               	movlw	255
  1838  07F0  00C3               	movwf	67	;volatile
  1839                           
  1840                           ;pin_manager.c: 62: ANSELC = 0xFF;
  1841  07F1  30FF               	movlw	255
  1842  07F2  00CE               	movwf	78	;volatile
  1843                           
  1844                           ;pin_manager.c: 63: TRISB = 0xFF;
  1845  07F3  30FF               	movlw	255
  1846  07F4  0020               	movlb	0	; select bank0
  1847  07F5  0092               	movwf	18	;volatile
  1848                           
  1849                           ;pin_manager.c: 64: TRISC = 0xFF;
  1850  07F6  30FF               	movlw	255
  1851  07F7  0093               	movwf	19	;volatile
  1852                           
  1853                           ;pin_manager.c: 66: TRISA = 0x70;
  1854  07F8  3070               	movlw	112
  1855  07F9  0091               	movwf	17	;volatile
  1856                           
  1857                           ;pin_manager.c: 71: PIE0bits.IOCIE = 0;
  1858  07FA  002E               	movlb	14	; select bank14
  1859  07FB  1216               	bcf	22,4	;volatile
  1860  07FC  0008               	return
  1861  07FD                     __end_of_PIN_MANAGER_Initialize:	
  1862                           
  1863                           	psect	text3
  1864  07C8                     __ptext3:	
  1865 ;; *************** function _OSCILLATOR_Initialize *****************
  1866 ;; Defined at:
  1867 ;;		line 90 in file "mcc_generated_files/mcc.c"
  1868 ;; Parameters:    Size  Location     Type
  1869 ;;		None
  1870 ;; Auto vars:     Size  Location     Type
  1871 ;;		None
  1872 ;; Return value:  Size  Location     Type
  1873 ;;                  1    wreg      void 
  1874 ;; Registers used:
  1875 ;;		wreg, status,2
  1876 ;; Tracked objects:
  1877 ;;		On entry : 0/0
  1878 ;;		On exit  : 0/0
  1879 ;;		Unchanged: 0/0
  1880 ;; Data sizes:     COMMON   BANK0   BANK1   BANK2   BANK3   BANK4   BANK5   BANK6   BANK7   BANK8   BANK9  BANK10  BANK1
      +1  BANK12
  1881 ;;      Params:         0       0       0       0       0       0       0       0       0       0       0       0       
      +0       0
  1882 ;;      Locals:         0       0       0       0       0       0       0       0       0       0       0       0       
      +0       0
  1883 ;;      Temps:          0       0       0       0       0       0       0       0       0       0       0       0       
      +0       0
  1884 ;;      Totals:         0       0       0       0       0       0       0       0       0       0       0       0       
      +0       0
  1885 ;;Total ram usage:        0 bytes
  1886 ;; Hardware stack levels used:    1
  1887 ;; This function calls:
  1888 ;;		Nothing
  1889 ;; This function is called by:
  1890 ;;		_SYSTEM_Initialize
  1891 ;; This function uses a non-reentrant model
  1892 ;;
  1893                           
  1894                           
  1895                           ;psect for function _OSCILLATOR_Initialize
  1896  07C8                     _OSCILLATOR_Initialize:	
  1897                           
  1898                           ;mcc.c: 93: OSCCON1 = 0x62;
  1899                           
  1900                           ;incstack = 0
  1901                           ; Regs used in _OSCILLATOR_Initialize: [wreg+status,2]
  1902  07C8  3062               	movlw	98
  1903  07C9  0031               	movlb	17	; select bank17
  1904  07CA  008D               	movwf	13	;volatile
  1905                           
  1906                           ;mcc.c: 95: OSCCON3 = 0x00;
  1907  07CB  018F               	clrf	15	;volatile
  1908                           
  1909                           ;mcc.c: 97: OSCEN = 0x00;
  1910  07CC  0191               	clrf	17	;volatile
  1911                           
  1912                           ;mcc.c: 99: OSCFRQ = 0x02;
  1913  07CD  3002               	movlw	2
  1914  07CE  0093               	movwf	19	;volatile
  1915                           
  1916                           ;mcc.c: 101: OSCTUNE = 0x00;
  1917  07CF  0192               	clrf	18	;volatile
  1918  07D0  0008               	return
  1919  07D1                     __end_of_OSCILLATOR_Initialize:	
  1920  007E                     btemp	set	126	;btemp
  1921  007E                     wtemp0	set	126


Data Sizes:
    Strings     0
    Constant    0
    Data        0
    BSS         0
    Persistent  0
    Stack       0

Auto Spaces:
    Space          Size  Autos    Used
    COMMON           14      0       0
    BANK0            80      0       0
    BANK1            80      0       0
    BANK2            80      0       0
    BANK3            80      0       0
    BANK4            80      0       0
    BANK5            80      0       0
    BANK6            80      0       0
    BANK7            80      0       0
    BANK8            80      0       0
    BANK9            80      0       0
    BANK10           80      0       0
    BANK11           80      0       0
    BANK12           48      0       0

Pointer List with Targets:

    None.

Critical Paths under _main in COMMON

    None.

Critical Paths under _main in BANK0

    None.

Critical Paths under _main in BANK1

    None.

Critical Paths under _main in BANK2

    None.

Critical Paths under _main in BANK3

    None.

Critical Paths under _main in BANK4

    None.

Critical Paths under _main in BANK5

    None.

Critical Paths under _main in BANK6

    None.

Critical Paths under _main in BANK7

    None.

Critical Paths under _main in BANK8

    None.

Critical Paths under _main in BANK9

    None.

Critical Paths under _main in BANK10

    None.

Critical Paths under _main in BANK11

    None.

Critical Paths under _main in BANK12

    None.

Call Graph Tables:

 ---------------------------------------------------------------------------------
 (Depth) Function   	        Calls       Base Space   Used Autos Params    Refs
 ---------------------------------------------------------------------------------
 (0) _main                                                 0     0      0       0
                  _SYSTEM_Initialize
 ---------------------------------------------------------------------------------
 (1) _SYSTEM_Initialize                                    0     0      0       0
              _OSCILLATOR_Initialize
             _PIN_MANAGER_Initialize
 ---------------------------------------------------------------------------------
 (2) _PIN_MANAGER_Initialize                               0     0      0       0
 ---------------------------------------------------------------------------------
 (2) _OSCILLATOR_Initialize                                0     0      0       0
 ---------------------------------------------------------------------------------
 Estimated maximum stack depth 2
 ---------------------------------------------------------------------------------

 Call Graph Graphs:

 _main (ROOT)
   _SYSTEM_Initialize
     _OSCILLATOR_Initialize
     _PIN_MANAGER_Initialize

 Address spaces:
Name               Size   Autos  Total    Cost      Usage
BIGRAM             3F0      0       0       0        0.0%
EEDATA             100      0       0       0        0.0%
NULL                 0      0       0       0        0.0%
CODE                 0      0       0       0        0.0%
BITCOMMON            E      0       0       1        0.0%
BITSFR0              0      0       0       1        0.0%
SFR0                 0      0       0       1        0.0%
COMMON               E      0       0       2        0.0%
BITSFR1              0      0       0       2        0.0%
SFR1                 0      0       0       2        0.0%
BITSFR2              0      0       0       3        0.0%
SFR2                 0      0       0       3        0.0%
STACK                0      0       0       3        0.0%
BITBANK0            50      0       0       4        0.0%
BITSFR3              0      0       0       4        0.0%
SFR3                 0      0       0       4        0.0%
BANK0               50      0       0       5        0.0%
BITSFR4              0      0       0       5        0.0%
SFR4                 0      0       0       5        0.0%
BITBANK1            50      0       0       6        0.0%
BITSFR5              0      0       0       6        0.0%
SFR5                 0      0       0       6        0.0%
BANK1               50      0       0       7        0.0%
BITSFR6              0      0       0       7        0.0%
SFR6                 0      0       0       7        0.0%
BITBANK2            50      0       0       8        0.0%
BITSFR7              0      0       0       8        0.0%
SFR7                 0      0       0       8        0.0%
BANK2               50      0       0       9        0.0%
BITSFR8              0      0       0       9        0.0%
SFR8                 0      0       0       9        0.0%
BITBANK3            50      0       0      10        0.0%
BITSFR9              0      0       0      10        0.0%
SFR9                 0      0       0      10        0.0%
BANK3               50      0       0      11        0.0%
BITSFR10             0      0       0      11        0.0%
SFR10                0      0       0      11        0.0%
BITBANK4            50      0       0      12        0.0%
BITSFR11             0      0       0      12        0.0%
SFR11                0      0       0      12        0.0%
BANK4               50      0       0      13        0.0%
BITSFR12             0      0       0      13        0.0%
SFR12                0      0       0      13        0.0%
BITBANK5            50      0       0      14        0.0%
BITSFR13             0      0       0      14        0.0%
SFR13                0      0       0      14        0.0%
BANK5               50      0       0      15        0.0%
BITSFR14             0      0       0      15        0.0%
SFR14                0      0       0      15        0.0%
BITBANK6            50      0       0      16        0.0%
BITSFR15             0      0       0      16        0.0%
SFR15                0      0       0      16        0.0%
BANK6               50      0       0      17        0.0%
BITSFR16             0      0       0      17        0.0%
SFR16                0      0       0      17        0.0%
BITBANK7            50      0       0      18        0.0%
BITSFR17             0      0       0      18        0.0%
SFR17                0      0       0      18        0.0%
BANK7               50      0       0      19        0.0%
BITSFR18             0      0       0      19        0.0%
SFR18                0      0       0      19        0.0%
BITSFR19             0      0       0      20        0.0%
SFR19                0      0       0      20        0.0%
ABS                  0      0       0      20        0.0%
BITBANK8            50      0       0      21        0.0%
BITSFR20             0      0       0      21        0.0%
SFR20                0      0       0      21        0.0%
BANK8               50      0       0      22        0.0%
BITSFR21             0      0       0      22        0.0%
SFR21                0      0       0      22        0.0%
BITBANK9            50      0       0      23        0.0%
BITSFR22             0      0       0      23        0.0%
SFR22                0      0       0      23        0.0%
BANK9               50      0       0      24        0.0%
BITSFR23             0      0       0      24        0.0%
SFR23                0      0       0      24        0.0%
BITBANK10           50      0       0      25        0.0%
BITSFR24             0      0       0      25        0.0%
SFR24                0      0       0      25        0.0%
BANK10              50      0       0      26        0.0%
BITSFR25             0      0       0      26        0.0%
SFR25                0      0       0      26        0.0%
BITBANK11           50      0       0      27        0.0%
BITSFR26             0      0       0      27        0.0%
SFR26                0      0       0      27        0.0%
BANK11              50      0       0      28        0.0%
BITSFR27             0      0       0      28        0.0%
SFR27                0      0       0      28        0.0%
BITBANK12           30      0       0      29        0.0%
BITSFR28             0      0       0      29        0.0%
SFR28                0      0       0      29        0.0%
BANK12              30      0       0      30        0.0%
BITSFR29             0      0       0      30        0.0%
SFR29                0      0       0      30        0.0%
BITSFR30             0      0       0      31        0.0%
SFR30                0      0       0      31        0.0%
DATA                 0      0       0      31        0.0%
BITSFR31             0      0       0      32        0.0%
SFR31                0      0       0      32        0.0%


Microchip Technology PIC Macro Assembler V1.40 build -251452761 
Symbol Table                                                                                   Tue Dec 20 01:28:16 2016

                    __CFG_CP$OFF 0000                      __CFG_ZCD$ON 0000                              l562 07D7  
                            l564 07D5                     __CFG_CPD$OFF 0000                     __CFG_BORV$LO 0000  
                   __CFG_LVP$OFF 0000                             PORTA 000C                             _LATA 0016  
                           _LATB 0017                             _LATC 0018                             _WPUA 0F39  
                           _WPUB 0F44                             _WPUC 0F4F                             _WPUE 0F65  
                   __CFG_WRT$OFF 0000                    __CFG_FCMEN$ON 0000                             _main 07D1  
                           btemp 007E                    __CFG_BOREN$ON 0000                             start 0002  
                  __CFG_CSWEN$ON 0000                    __CFG_MCLRE$ON 0000   __size_of_OSCILLATOR_Initialize 0009  
  __end_of_OSCILLATOR_Initialize 07D1                            ?_main 0000                    __CFG_WDTE$OFF 0000  
                          _OSCEN 0891                            _TRISA 0011                            _TRISB 0012  
                          _TRISC 0013                            wtemp0 007E                  __initialization 07FD  
                   __end_of_main 07DD                           ??_main 0000                           _ANSELA 0F38  
                         _ANSELB 0F43                           _ANSELC 0F4E               __CFG_RSTOSC$HFINT1 0000  
                 __CFG_WDTCCS$SC 0000                           _OSCFRQ 0893                   __CFG_PWRTE$OFF 0000  
                 __CFG_STVREN$ON 0000                _SYSTEM_Initialize 07C2          __end_of__initialization 07FD  
             ?_SYSTEM_Initialize 0000                   __pcstackCOMMON 0000              ??_SYSTEM_Initialize 0000  
      __end_of_SYSTEM_Initialize 07C8                       __pmaintext 07D1                  __CFG_PPS1WAY$ON 0000  
                        _OSCCON1 088D                          _OSCCON3 088F                          _OSCTUNE 0892  
           __CFG_SCANE$available 0000                          __ptext1 07C2                          __ptext2 07DD  
                        __ptext3 07C8            _OSCILLATOR_Initialize 07C8         ??_PIN_MANAGER_Initialize 0000  
     __size_of_SYSTEM_Initialize 0006             end_of_initialization 07FD            __CFG_WDTCPS$WDTCPS_31 0000  
                      _PORTAbits 000C                 __CFG_FEXTOSC$OFF 0000           ?_OSCILLATOR_Initialize 0000  
            start_initialization 07FD  __size_of_PIN_MANAGER_Initialize 0020                 __CFG_LPBOREN$OFF 0000  
                      ___latbits 0002           _PIN_MANAGER_Initialize 07DD                         _PIE0bits 0716  
        ??_OSCILLATOR_Initialize 0000                    __size_of_main 000C             __CFG_WDTCWS$WDTCWS_7 0000  
        ?_PIN_MANAGER_Initialize 0000                __CFG_CLKOUTEN$OFF 0000   __end_of_PIN_MANAGER_Initialize 07FD  
